<?xml version="1.0" encoding="UTF-8"?>
<!-- Generated by org.testng.reporters.JUnitReportReporter -->
<testsuite hostname="LTIN520434" failures="0" tests="8" name="testCases.TC_003_LoanCalculator" time="0.001" errors="0" timestamp="2024-02-28T17:07:24 IST" skipped="8">
  <testcase classname="testCases.TC_003_LoanCalculator" name="clickLoanCalculator" time="0.000">
    <skipped/>
  </testcase> <!-- clickLoanCalculator -->
  <testcase classname="testCases.TC_003_LoanCalculator" name="checkEmiUI" time="0.001">
    <skipped/>
  </testcase> <!-- checkEmiUI -->
  <testcase classname="testCases.TC_003_LoanCalculator" name="checkEmiscale" time="0.000">
    <skipped/>
  </testcase> <!-- checkEmiscale -->
  <testcase classname="testCases.TC_003_LoanCalculator" name="clickLoanAmountCalculator" time="0.000">
    <skipped/>
  </testcase> <!-- clickLoanAmountCalculator -->
  <testcase classname="testCases.TC_003_LoanCalculator" name="checkLoanAmountCalculatorUI" time="0.000">
    <skipped/>
  </testcase> <!-- checkLoanAmountCalculatorUI -->
  <testcase classname="testCases.TC_003_LoanCalculator" name="checkLoanAmountscale" time="0.000">
    <skipped/>
  </testcase> <!-- checkLoanAmountscale -->
  <testcase classname="testCases.TC_003_LoanCalculator" name="clickLoanTenureCalculator" time="0.000">
    <skipped/>
  </testcase> <!-- clickLoanTenureCalculator -->
  <testcase classname="testCases.TC_003_LoanCalculator" name="checkLoanTenureCalculatorUI" time="0.000">
    <skipped/>
  </testcase> <!-- checkLoanTenureCalculatorUI -->
</testsuite> <!-- testCases.TC_003_LoanCalculator -->
