<?xml version="1.0" encoding="UTF-8"?>
<!-- Generated by org.testng.reporters.JUnitReportReporter -->
<testsuite hostname="LTIN520434" failures="0" tests="8" name="testCases.TC_002_HomeLoan" time="0.002" errors="0" timestamp="2024-02-28T17:07:24 IST" skipped="8">
  <testcase classname="testCases.TC_002_HomeLoan" name="clickHomeLoan" time="0.000">
    <skipped/>
  </testcase> <!-- clickHomeLoan -->
  <testcase classname="testCases.TC_002_HomeLoan" name="setHomeLoanValues" time="0.000">
    <skipped/>
  </testcase> <!-- setHomeLoanValues -->
  <testcase classname="testCases.TC_002_HomeLoan" name="monthlyPaymentDisplayed" time="0.000">
    <skipped/>
  </testcase> <!-- monthlyPaymentDisplayed -->
  <testcase classname="testCases.TC_002_HomeLoan" name="totalPaymentDisplayed" time="0.001">
    <skipped/>
  </testcase> <!-- totalPaymentDisplayed -->
  <testcase classname="testCases.TC_002_HomeLoan" name="scrollHomeLoanPage" time="0.000">
    <skipped/>
  </testcase> <!-- scrollHomeLoanPage -->
  <testcase classname="testCases.TC_002_HomeLoan" name="handletableheader" time="0.000">
    <skipped/>
  </testcase> <!-- handletableheader -->
  <testcase classname="testCases.TC_002_HomeLoan" name="table" time="0.000">
    <skipped/>
  </testcase> <!-- table -->
  <testcase classname="testCases.TC_002_HomeLoan" name="pagetop" time="0.001">
    <skipped/>
  </testcase> <!-- pagetop -->
</testsuite> <!-- testCases.TC_002_HomeLoan -->
