<?xml version="1.0" encoding="UTF-8"?>
<!-- Generated by org.testng.reporters.JUnitReportReporter -->
<testsuite hostname="LTIN520434" failures="0" tests="8" name="testCases.TC_003_LoanCalculator" time="2.354" errors="0" timestamp="2024-02-28T16:45:30 IST" skipped="0">
  <testcase classname="testCases.TC_003_LoanCalculator" name="clickLoanCalculator" time="1.520"/>
  <testcase classname="testCases.TC_003_LoanCalculator" name="checkEmiUI" time="0.199"/>
  <testcase classname="testCases.TC_003_LoanCalculator" name="checkEmiscale" time="0.100"/>
  <testcase classname="testCases.TC_003_LoanCalculator" name="clickLoanAmountCalculator" time="0.045"/>
  <testcase classname="testCases.TC_003_LoanCalculator" name="checkLoanAmountCalculatorUI" time="0.160"/>
  <testcase classname="testCases.TC_003_LoanCalculator" name="checkLoanAmountscale" time="0.141"/>
  <testcase classname="testCases.TC_003_LoanCalculator" name="clickLoanTenureCalculator" time="0.044"/>
  <testcase classname="testCases.TC_003_LoanCalculator" name="checkLoanTenureCalculatorUI" time="0.145"/>
</testsuite> <!-- testCases.TC_003_LoanCalculator -->
