<?xml version="1.0" encoding="UTF-8"?>
<!-- Generated by org.testng.reporters.JUnitReportReporter -->
<testsuite hostname="LTIN520434" failures="0" tests="17" name="testCases.TC_001_Carloan" time="2.056" errors="0" timestamp="2024-02-28T16:45:30 IST" skipped="0">
  <testcase classname="testCases.TC_001_Carloan" name="clickcarLoan" time="0.662"/>
  <testcase classname="testCases.TC_001_Carloan" name="CarLoanAmount" time="0.254"/>
  <testcase classname="testCases.TC_001_Carloan" name="validateCarLoanAmount" time="0.005"/>
  <testcase classname="testCases.TC_001_Carloan" name="InterestRate" time="0.533"/>
  <testcase classname="testCases.TC_001_Carloan" name="validateInterestRate" time="0.001"/>
  <testcase classname="testCases.TC_001_Carloan" name="LoanTenure" time="0.146"/>
  <testcase classname="testCases.TC_001_Carloan" name="validateLoanTenure" time="0.002"/>
  <testcase classname="testCases.TC_001_Carloan" name="clickEmiArrears" time="0.054"/>
  <testcase classname="testCases.TC_001_Carloan" name="scrollDownArrearsCarLoanPage" time="0.026"/>
  <testcase classname="testCases.TC_001_Carloan" name="interestArrearsCarLoanPage" time="0.089"/>
  <testcase classname="testCases.TC_001_Carloan" name="principalAmountArrearsCarLoanPage" time="0.040"/>
  <testcase classname="testCases.TC_001_Carloan" name="scrollUpCarLoanPage" time="0.023"/>
  <testcase classname="testCases.TC_001_Carloan" name="clickEmiAdvance" time="0.045"/>
  <testcase classname="testCases.TC_001_Carloan" name="scrollDownAdvanceCarLoanPage" time="0.025"/>
  <testcase classname="testCases.TC_001_Carloan" name="interestAdvanceCarLoanPage" time="0.082"/>
  <testcase classname="testCases.TC_001_Carloan" name="principalAmountAdvanceCarLoanPage" time="0.032"/>
  <testcase classname="testCases.TC_001_Carloan" name="scrollUpPage" time="0.037"/>
</testsuite> <!-- testCases.TC_001_Carloan -->
