<?xml version="1.0" encoding="UTF-8"?>
<!-- Generated by org.testng.reporters.JUnitReportReporter -->
<testsuite hostname="LTIN520434" failures="0" tests="8" name="testCases.TC_002_HomeLoan" time="25.825" errors="0" timestamp="2024-02-28T16:45:30 IST" skipped="0">
  <testcase classname="testCases.TC_002_HomeLoan" name="clickHomeLoan" time="18.596"/>
  <testcase classname="testCases.TC_002_HomeLoan" name="setHomeLoanValues" time="1.632"/>
  <testcase classname="testCases.TC_002_HomeLoan" name="monthlyPaymentDisplayed" time="0.058"/>
  <testcase classname="testCases.TC_002_HomeLoan" name="totalPaymentDisplayed" time="0.063"/>
  <testcase classname="testCases.TC_002_HomeLoan" name="scrollHomeLoanPage" time="0.025"/>
  <testcase classname="testCases.TC_002_HomeLoan" name="handletableheader" time="1.043"/>
  <testcase classname="testCases.TC_002_HomeLoan" name="table" time="4.384"/>
  <testcase classname="testCases.TC_002_HomeLoan" name="pagetop" time="0.024"/>
</testsuite> <!-- testCases.TC_002_HomeLoan -->
